Using pre-set license
Built from '2021.3/staging' branch; Version is '2021.3.16f1 (4016570cf34f) revision 4200023'; Using compiler version '192829333'; Build Type 'Release'
OS: 'Windows 10  (10.0.19045) 64bit CoreSingleLanguage' Language: 'es' Physical Memory: 16269 MB
BatchMode: 1, IsHumanControllingUs: 0, StartBugReporterOnCrash: 0, Is64bit: 1, IsPro: 1

COMMAND LINE ARGUMENTS:
C:\Program Files\Unity\Hub\Editor\2021.3.16f1\Editor\Unity.exe
-adb2
-batchMode
-noUpm
-name
AssetImportWorker0
-projectPath
C:/Users/Gonza/Projecto final - Coder
-logFile
Logs/AssetImportWorker0.log
-srvPort
56825
Successfully changed project path to: C:/Users/Gonza/Projecto final - Coder
C:/Users/Gonza/Projecto final - Coder
[UnityMemory] Configuration Parameters - Can be set up in boot.config
    "memorysetup-bucket-allocator-granularity=16"
    "memorysetup-bucket-allocator-bucket-count=8"
    "memorysetup-bucket-allocator-block-size=33554432"
    "memorysetup-bucket-allocator-block-count=8"
    "memorysetup-main-allocator-block-size=16777216"
    "memorysetup-thread-allocator-block-size=16777216"
    "memorysetup-gfx-main-allocator-block-size=16777216"
    "memorysetup-gfx-thread-allocator-block-size=16777216"
    "memorysetup-cache-allocator-block-size=4194304"
    "memorysetup-typetree-allocator-block-size=2097152"
    "memorysetup-profiler-bucket-allocator-granularity=16"
    "memorysetup-profiler-bucket-allocator-bucket-count=8"
    "memorysetup-profiler-bucket-allocator-block-size=33554432"
    "memorysetup-profiler-bucket-allocator-block-count=8"
    "memorysetup-profiler-allocator-block-size=16777216"
    "memorysetup-profiler-editor-allocator-block-size=1048576"
    "memorysetup-temp-allocator-size-main=16777216"
    "memorysetup-job-temp-allocator-block-size=2097152"
    "memorysetup-job-temp-allocator-block-size-background=1048576"
    "memorysetup-job-temp-allocator-reduction-small-platforms=262144"
    "memorysetup-temp-allocator-size-background-worker=32768"
    "memorysetup-temp-allocator-size-job-worker=262144"
    "memorysetup-temp-allocator-size-preload-manager=33554432"
    "memorysetup-temp-allocator-size-nav-mesh-worker=65536"
    "memorysetup-temp-allocator-size-audio-worker=65536"
    "memorysetup-temp-allocator-size-cloud-worker=32768"
    "memorysetup-temp-allocator-size-gi-baking-worker=262144"
    "memorysetup-temp-allocator-size-gfx=262144"
Player connection [12124] Host "[IP] 192.168.0.8 [Port] 0 [Flags] 2 [Guid] 1029068536 [EditorId] 1029068536 [Version] 1048832 [Id] WindowsEditor(7,DESKTOP-RPBB4HV) [Debug] 1 [PackageName] WindowsEditor [ProjectName] Editor" joined multi-casting on [225.0.0.222:54997]...

Player connection [12124] Host "[IP] 192.168.0.8 [Port] 0 [Flags] 2 [Guid] 1029068536 [EditorId] 1029068536 [Version] 1048832 [Id] WindowsEditor(7,DESKTOP-RPBB4HV) [Debug] 1 [PackageName] WindowsEditor [ProjectName] Editor" joined alternative multi-casting on [225.0.0.222:34997]...

Refreshing native plugins compatible for Editor in 146.19 ms, found 3 plugins.
Preloading 0 native plugins for Editor in 0.00 ms.
Initialize engine version: 2021.3.16f1 (4016570cf34f)
[Subsystems] Discovering subsystems at path C:/Program Files/Unity/Hub/Editor/2021.3.16f1/Editor/Data/Resources/UnitySubsystems
[Subsystems] Discovering subsystems at path C:/Users/Gonza/Projecto final - Coder/Assets
GfxDevice: creating device client; threaded=0; jobified=0
Direct3D:
    Version:  Direct3D 11.0 [level 11.1]
    Renderer: NVIDIA GeForce GTX 1050 (ID=0x1c8d)
    Vendor:   NVIDIA
    VRAM:     4019 MB
    Driver:   30.0.14.7219
Initialize mono
Mono path[0] = 'C:/Program Files/Unity/Hub/Editor/2021.3.16f1/Editor/Data/Managed'
Mono path[1] = 'C:/Program Files/Unity/Hub/Editor/2021.3.16f1/Editor/Data/MonoBleedingEdge/lib/mono/unityjit-win32'
Mono config path = 'C:/Program Files/Unity/Hub/Editor/2021.3.16f1/Editor/Data/MonoBleedingEdge/etc'
Using monoOptions --debugger-agent=transport=dt_socket,embedding=1,server=y,suspend=n,address=127.0.0.1:56788
Begin MonoManager ReloadAssembly
Registering precompiled unity dll's ...
Register platform support module: C:/Program Files/Unity/Hub/Editor/2021.3.16f1/Editor/Data/PlaybackEngines/WebGLSupport/UnityEditor.WebGL.Extensions.dll
Register platform support module: C:/Program Files/Unity/Hub/Editor/2021.3.16f1/Editor/Data/PlaybackEngines/WindowsStandaloneSupport/UnityEditor.WindowsStandalone.Extensions.dll
Registered in 0.010952 seconds.
Native extension for WindowsStandalone target not found
Native extension for WebGL target not found
Refreshing native plugins compatible for Editor in 135.96 ms, found 3 plugins.
Preloading 0 native plugins for Editor in 0.00 ms.
Mono: successfully reloaded assembly
- Completed reload, in  0.825 seconds
Domain Reload Profiling:
	ReloadAssembly (825ms)
		BeginReloadAssembly (102ms)
			ExecutionOrderSort (0ms)
			DisableScriptedObjects (0ms)
			BackupInstance (0ms)
			ReleaseScriptingObjects (0ms)
			CreateAndSetChildDomain (1ms)
		EndReloadAssembly (583ms)
			LoadAssemblies (100ms)
			RebuildTransferFunctionScriptingTraits (0ms)
			SetupTypeCache (141ms)
			ReleaseScriptCaches (0ms)
			RebuildScriptCaches (31ms)
			SetupLoadedEditorAssemblies (347ms)
				LogAssemblyErrors (0ms)
				InitializePlatformSupportModulesInManaged (11ms)
				SetLoadedEditorAssemblies (0ms)
				RefreshPlugins (136ms)
				BeforeProcessingInitializeOnLoad (2ms)
				ProcessInitializeOnLoadAttributes (147ms)
				ProcessInitializeOnLoadMethodAttributes (51ms)
				AfterProcessingInitializeOnLoad (0ms)
				EditorAssembliesLoaded (0ms)
			ExecutionOrderSort2 (0ms)
			AwakeInstancesAfterBackupRestoration (0ms)
Platform modules already initialized, skipping
Registering precompiled user dll's ...
Registered in 0.010685 seconds.
Begin MonoManager ReloadAssembly
Symbol file LoadedFromMemory doesn't match image C:\Users\Gonza\Projecto final - Coder\Library\PackageCache\com.unity.visualscripting@1.7.8\Editor\VisualScripting.Core\Dependencies\YamlDotNet\Unity.VisualScripting.YamlDotNet.dll
Symbol file LoadedFromMemory doesn't match image C:\Users\Gonza\Projecto final - Coder\Library\PackageCache\com.unity.visualscripting@1.7.8\Editor\VisualScripting.Core\Dependencies\DotNetZip\Unity.VisualScripting.IonicZip.dll
Native extension for WindowsStandalone target not found
Native extension for WebGL target not found
Refreshing native plugins compatible for Editor in 136.49 ms, found 3 plugins.
Preloading 0 native plugins for Editor in 0.00 ms.
Mono: successfully reloaded assembly
- Completed reload, in  1.646 seconds
Domain Reload Profiling:
	ReloadAssembly (1647ms)
		BeginReloadAssembly (142ms)
			ExecutionOrderSort (0ms)
			DisableScriptedObjects (6ms)
			BackupInstance (0ms)
			ReleaseScriptingObjects (0ms)
			CreateAndSetChildDomain (29ms)
		EndReloadAssembly (1363ms)
			LoadAssemblies (113ms)
			RebuildTransferFunctionScriptingTraits (0ms)
			SetupTypeCache (397ms)
			ReleaseScriptCaches (1ms)
			RebuildScriptCaches (90ms)
			SetupLoadedEditorAssemblies (723ms)
				LogAssemblyErrors (0ms)
				InitializePlatformSupportModulesInManaged (7ms)
				SetLoadedEditorAssemblies (0ms)
				RefreshPlugins (137ms)
				BeforeProcessingInitializeOnLoad (129ms)
				ProcessInitializeOnLoadAttributes (323ms)
				ProcessInitializeOnLoadMethodAttributes (116ms)
				AfterProcessingInitializeOnLoad (11ms)
				EditorAssembliesLoaded (0ms)
			ExecutionOrderSort2 (0ms)
			AwakeInstancesAfterBackupRestoration (7ms)
Platform modules already initialized, skipping
========================================================================
Worker process is ready to serve import requests
Launched and connected shader compiler UnityShaderCompiler.exe after 0.10 seconds
Refreshing native plugins compatible for Editor in 2.84 ms, found 3 plugins.
Preloading 0 native plugins for Editor in 0.00 ms.
Unloading 5345 Unused Serialized files (Serialized files now loaded: 0)
Unloading 59 unused Assets / (2.0 MB). Loaded Objects now: 5795.
Memory consumption went from 221.4 MB to 219.3 MB.
Total: 7.825600 ms (FindLiveObjects: 1.008400 ms CreateObjectMapping: 1.291100 ms MarkObjects: 4.671100 ms  DeleteObjects: 0.847300 ms)

AssetImportParameters requested are different than current active one (requested -> active):
  custom:video-decoder-ogg-theora: a1e56fd34408186e4bbccfd4996cb3dc -> 
  custom:container-muxer-webm: aa71ff27fc2769a1b78a27578f13a17b -> 
  custom:container-demuxer-webm: 4f35f7cbe854078d1ac9338744f61a02 -> 
  custom:video-encoder-webm-vp8: eb34c28f22e8b96e1ab97ce403110664 -> 
  custom:audio-encoder-webm-vorbis: bf7c407c2cedff20999df2af8eb42d56 -> 
  custom:framework-win-MediaFoundation: 216162199b28c13a410421893ffa2e32 -> 
  custom:container-demuxer-ogg: 62fdf1f143b41e24485cea50d1cbac27 -> 
  custom:video-decoder-webm-vp8: 9c59270c3fd7afecdb556c50c9e8de78 -> 
  custom:audio-decoder-ogg-vorbis: bf7c407c2cedff20999df2af8eb42d56 -> 
========================================================================
Received Import Request.
  Time since last request: 1575284.307679 seconds.
  path: Assets/Scenes/BossLevel.unity
  artifactKey: Guid(90467f120652667469a1eb268af84c2f) Importer(815301076,1909f56bfc062723c751e8b465ee728b)
Start importing Assets/Scenes/BossLevel.unity using Guid(90467f120652667469a1eb268af84c2f) Importer(815301076,1909f56bfc062723c751e8b465ee728b)  -> (artifact id: '6fb76228857ef35e0c07aad0b03eb213') in 0.029811 seconds 
========================================================================
Received Import Request.
  Time since last request: 0.000028 seconds.
  path: Assets/Scenes/SecondLevel.unity
  artifactKey: Guid(ceee805808d544543a59eacc787f9d02) Importer(815301076,1909f56bfc062723c751e8b465ee728b)
Start importing Assets/Scenes/SecondLevel.unity using Guid(ceee805808d544543a59eacc787f9d02) Importer(815301076,1909f56bfc062723c751e8b465ee728b)  -> (artifact id: '97ffae6a7b44525d3f7f51aea3a9315c') in 0.011949 seconds 
========================================================================
Received Prepare
Registering precompiled user dll's ...
Registered in 0.009722 seconds.
Begin MonoManager ReloadAssembly
Symbol file LoadedFromMemory doesn't match image C:\Users\Gonza\Projecto final - Coder\Library\PackageCache\com.unity.visualscripting@1.7.8\Editor\VisualScripting.Core\Dependencies\YamlDotNet\Unity.VisualScripting.YamlDotNet.dll
Symbol file LoadedFromMemory doesn't match image C:\Users\Gonza\Projecto final - Coder\Library\PackageCache\com.unity.visualscripting@1.7.8\Editor\VisualScripting.Core\Dependencies\DotNetZip\Unity.VisualScripting.IonicZip.dll
Native extension for WindowsStandalone target not found
Native extension for WebGL target not found
Refreshing native plugins compatible for Editor in 1.38 ms, found 3 plugins.
Preloading 0 native plugins for Editor in 0.00 ms.
Mono: successfully reloaded assembly
- Completed reload, in  1.626 seconds
Domain Reload Profiling:
	ReloadAssembly (1627ms)
		BeginReloadAssembly (158ms)
			ExecutionOrderSort (0ms)
			DisableScriptedObjects (5ms)
			BackupInstance (0ms)
			ReleaseScriptingObjects (0ms)
			CreateAndSetChildDomain (46ms)
		EndReloadAssembly (1337ms)
			LoadAssemblies (116ms)
			RebuildTransferFunctionScriptingTraits (0ms)
			SetupTypeCache (382ms)
			ReleaseScriptCaches (3ms)
			RebuildScriptCaches (72ms)
			SetupLoadedEditorAssemblies (668ms)
				LogAssemblyErrors (0ms)
				InitializePlatformSupportModulesInManaged (23ms)
				SetLoadedEditorAssemblies (1ms)
				RefreshPlugins (1ms)
				BeforeProcessingInitializeOnLoad (127ms)
				ProcessInitializeOnLoadAttributes (383ms)
				ProcessInitializeOnLoadMethodAttributes (122ms)
				AfterProcessingInitializeOnLoad (12ms)
				EditorAssembliesLoaded (0ms)
			ExecutionOrderSort2 (0ms)
			AwakeInstancesAfterBackupRestoration (23ms)
Platform modules already initialized, skipping
Refreshing native plugins compatible for Editor in 3.01 ms, found 3 plugins.
Preloading 0 native plugins for Editor in 0.00 ms.
Unloading 5180 Unused Serialized files (Serialized files now loaded: 0)
Unloading 40 unused Assets / (2.0 MB). Loaded Objects now: 5810.
Memory consumption went from 209.9 MB to 207.9 MB.
Total: 5.346700 ms (FindLiveObjects: 0.657000 ms CreateObjectMapping: 0.464200 ms MarkObjects: 3.438800 ms  DeleteObjects: 0.785100 ms)

AssetImportParameters requested are different than current active one (requested -> active):
  custom:video-decoder-ogg-theora: a1e56fd34408186e4bbccfd4996cb3dc -> 
  custom:container-muxer-webm: aa71ff27fc2769a1b78a27578f13a17b -> 
  custom:container-demuxer-webm: 4f35f7cbe854078d1ac9338744f61a02 -> 
  custom:video-encoder-webm-vp8: eb34c28f22e8b96e1ab97ce403110664 -> 
  custom:audio-encoder-webm-vorbis: bf7c407c2cedff20999df2af8eb42d56 -> 
  custom:framework-win-MediaFoundation: 216162199b28c13a410421893ffa2e32 -> 
  custom:container-demuxer-ogg: 62fdf1f143b41e24485cea50d1cbac27 -> 
  custom:video-decoder-webm-vp8: 9c59270c3fd7afecdb556c50c9e8de78 -> 
  custom:audio-decoder-ogg-vorbis: bf7c407c2cedff20999df2af8eb42d56 -> 
========================================================================
Received Prepare
Registering precompiled user dll's ...
Registered in 0.009675 seconds.
Begin MonoManager ReloadAssembly
Symbol file LoadedFromMemory doesn't match image C:\Users\Gonza\Projecto final - Coder\Library\PackageCache\com.unity.visualscripting@1.7.8\Editor\VisualScripting.Core\Dependencies\YamlDotNet\Unity.VisualScripting.YamlDotNet.dll
Symbol file LoadedFromMemory doesn't match image C:\Users\Gonza\Projecto final - Coder\Library\PackageCache\com.unity.visualscripting@1.7.8\Editor\VisualScripting.Core\Dependencies\DotNetZip\Unity.VisualScripting.IonicZip.dll
Native extension for WindowsStandalone target not found
Native extension for WebGL target not found
Refreshing native plugins compatible for Editor in 1.09 ms, found 3 plugins.
Preloading 0 native plugins for Editor in 0.00 ms.
Mono: successfully reloaded assembly
- Completed reload, in  1.636 seconds
Domain Reload Profiling:
	ReloadAssembly (1636ms)
		BeginReloadAssembly (157ms)
			ExecutionOrderSort (0ms)
			DisableScriptedObjects (6ms)
			BackupInstance (0ms)
			ReleaseScriptingObjects (0ms)
			CreateAndSetChildDomain (42ms)
		EndReloadAssembly (1351ms)
			LoadAssemblies (138ms)
			RebuildTransferFunctionScriptingTraits (0ms)
			SetupTypeCache (406ms)
			ReleaseScriptCaches (2ms)
			RebuildScriptCaches (79ms)
			SetupLoadedEditorAssemblies (641ms)
				LogAssemblyErrors (0ms)
				InitializePlatformSupportModulesInManaged (24ms)
				SetLoadedEditorAssemblies (1ms)
				RefreshPlugins (1ms)
				BeforeProcessingInitializeOnLoad (119ms)
				ProcessInitializeOnLoadAttributes (377ms)
				ProcessInitializeOnLoadMethodAttributes (108ms)
				AfterProcessingInitializeOnLoad (11ms)
				EditorAssembliesLoaded (0ms)
			ExecutionOrderSort2 (0ms)
			AwakeInstancesAfterBackupRestoration (17ms)
Platform modules already initialized, skipping
Refreshing native plugins compatible for Editor in 2.94 ms, found 3 plugins.
Preloading 0 native plugins for Editor in 0.00 ms.
Unloading 5180 Unused Serialized files (Serialized files now loaded: 0)
Unloading 40 unused Assets / (2.0 MB). Loaded Objects now: 5825.
Memory consumption went from 209.9 MB to 207.9 MB.
Total: 5.449700 ms (FindLiveObjects: 0.660700 ms CreateObjectMapping: 0.584400 ms MarkObjects: 3.543400 ms  DeleteObjects: 0.660200 ms)

AssetImportParameters requested are different than current active one (requested -> active):
  custom:video-decoder-ogg-theora: a1e56fd34408186e4bbccfd4996cb3dc -> 
  custom:container-muxer-webm: aa71ff27fc2769a1b78a27578f13a17b -> 
  custom:container-demuxer-webm: 4f35f7cbe854078d1ac9338744f61a02 -> 
  custom:video-encoder-webm-vp8: eb34c28f22e8b96e1ab97ce403110664 -> 
  custom:audio-encoder-webm-vorbis: bf7c407c2cedff20999df2af8eb42d56 -> 
  custom:framework-win-MediaFoundation: 216162199b28c13a410421893ffa2e32 -> 
  custom:container-demuxer-ogg: 62fdf1f143b41e24485cea50d1cbac27 -> 
  custom:video-decoder-webm-vp8: 9c59270c3fd7afecdb556c50c9e8de78 -> 
  custom:audio-decoder-ogg-vorbis: bf7c407c2cedff20999df2af8eb42d56 -> 
========================================================================
Received Prepare
Registering precompiled user dll's ...
Registered in 0.010579 seconds.
Begin MonoManager ReloadAssembly
Symbol file LoadedFromMemory doesn't match image C:\Users\Gonza\Projecto final - Coder\Library\PackageCache\com.unity.visualscripting@1.7.8\Editor\VisualScripting.Core\Dependencies\YamlDotNet\Unity.VisualScripting.YamlDotNet.dll
Symbol file LoadedFromMemory doesn't match image C:\Users\Gonza\Projecto final - Coder\Library\PackageCache\com.unity.visualscripting@1.7.8\Editor\VisualScripting.Core\Dependencies\DotNetZip\Unity.VisualScripting.IonicZip.dll
Native extension for WindowsStandalone target not found
Native extension for WebGL target not found
Refreshing native plugins compatible for Editor in 1.91 ms, found 3 plugins.
Preloading 0 native plugins for Editor in 0.00 ms.
Mono: successfully reloaded assembly
- Completed reload, in  2.062 seconds
Domain Reload Profiling:
	ReloadAssembly (2063ms)
		BeginReloadAssembly (224ms)
			ExecutionOrderSort (0ms)
			DisableScriptedObjects (5ms)
			BackupInstance (0ms)
			ReleaseScriptingObjects (0ms)
			CreateAndSetChildDomain (69ms)
		EndReloadAssembly (1663ms)
			LoadAssemblies (172ms)
			RebuildTransferFunctionScriptingTraits (0ms)
			SetupTypeCache (516ms)
			ReleaseScriptCaches (6ms)
			RebuildScriptCaches (91ms)
			SetupLoadedEditorAssemblies (799ms)
				LogAssemblyErrors (0ms)
				InitializePlatformSupportModulesInManaged (23ms)
				SetLoadedEditorAssemblies (1ms)
				RefreshPlugins (2ms)
				BeforeProcessingInitializeOnLoad (140ms)
				ProcessInitializeOnLoadAttributes (473ms)
				ProcessInitializeOnLoadMethodAttributes (140ms)
				AfterProcessingInitializeOnLoad (19ms)
				EditorAssembliesLoaded (0ms)
			ExecutionOrderSort2 (0ms)
			AwakeInstancesAfterBackupRestoration (26ms)
Platform modules already initialized, skipping
Refreshing native plugins compatible for Editor in 5.16 ms, found 3 plugins.
Preloading 0 native plugins for Editor in 0.00 ms.
Unloading 5180 Unused Serialized files (Serialized files now loaded: 0)
Unloading 40 unused Assets / (2.0 MB). Loaded Objects now: 5840.
Memory consumption went from 209.9 MB to 207.9 MB.
Total: 9.310600 ms (FindLiveObjects: 3.316900 ms CreateObjectMapping: 1.479500 ms MarkObjects: 3.870700 ms  DeleteObjects: 0.642200 ms)

AssetImportParameters requested are different than current active one (requested -> active):
  custom:video-decoder-ogg-theora: a1e56fd34408186e4bbccfd4996cb3dc -> 
  custom:container-muxer-webm: aa71ff27fc2769a1b78a27578f13a17b -> 
  custom:container-demuxer-webm: 4f35f7cbe854078d1ac9338744f61a02 -> 
  custom:video-encoder-webm-vp8: eb34c28f22e8b96e1ab97ce403110664 -> 
  custom:audio-encoder-webm-vorbis: bf7c407c2cedff20999df2af8eb42d56 -> 
  custom:framework-win-MediaFoundation: 216162199b28c13a410421893ffa2e32 -> 
  custom:container-demuxer-ogg: 62fdf1f143b41e24485cea50d1cbac27 -> 
  custom:video-decoder-webm-vp8: 9c59270c3fd7afecdb556c50c9e8de78 -> 
  custom:audio-decoder-ogg-vorbis: bf7c407c2cedff20999df2af8eb42d56 -> 
========================================================================
Received Prepare
Registering precompiled user dll's ...
Registered in 0.010419 seconds.
Begin MonoManager ReloadAssembly
Symbol file LoadedFromMemory doesn't match image C:\Users\Gonza\Projecto final - Coder\Library\PackageCache\com.unity.visualscripting@1.7.8\Editor\VisualScripting.Core\Dependencies\YamlDotNet\Unity.VisualScripting.YamlDotNet.dll
Symbol file LoadedFromMemory doesn't match image C:\Users\Gonza\Projecto final - Coder\Library\PackageCache\com.unity.visualscripting@1.7.8\Editor\VisualScripting.Core\Dependencies\DotNetZip\Unity.VisualScripting.IonicZip.dll
Native extension for WindowsStandalone target not found
Native extension for WebGL target not found
Refreshing native plugins compatible for Editor in 1.25 ms, found 3 plugins.
Preloading 0 native plugins for Editor in 0.00 ms.
Mono: successfully reloaded assembly
- Completed reload, in  1.526 seconds
Domain Reload Profiling:
	ReloadAssembly (1526ms)
		BeginReloadAssembly (164ms)
			ExecutionOrderSort (0ms)
			DisableScriptedObjects (5ms)
			BackupInstance (0ms)
			ReleaseScriptingObjects (0ms)
			CreateAndSetChildDomain (47ms)
		EndReloadAssembly (1232ms)
			LoadAssemblies (125ms)
			RebuildTransferFunctionScriptingTraits (0ms)
			SetupTypeCache (404ms)
			ReleaseScriptCaches (2ms)
			RebuildScriptCaches (71ms)
			SetupLoadedEditorAssemblies (559ms)
				LogAssemblyErrors (0ms)
				InitializePlatformSupportModulesInManaged (22ms)
				SetLoadedEditorAssemblies (1ms)
				RefreshPlugins (1ms)
				BeforeProcessingInitializeOnLoad (127ms)
				ProcessInitializeOnLoadAttributes (305ms)
				ProcessInitializeOnLoadMethodAttributes (92ms)
				AfterProcessingInitializeOnLoad (10ms)
				EditorAssembliesLoaded (0ms)
			ExecutionOrderSort2 (0ms)
			AwakeInstancesAfterBackupRestoration (17ms)
Platform modules already initialized, skipping
Refreshing native plugins compatible for Editor in 3.88 ms, found 3 plugins.
Preloading 0 native plugins for Editor in 0.00 ms.
Unloading 5180 Unused Serialized files (Serialized files now loaded: 0)
Unloading 40 unused Assets / (2.0 MB). Loaded Objects now: 5855.
Memory consumption went from 210.0 MB to 208.0 MB.
Total: 5.317000 ms (FindLiveObjects: 0.509800 ms CreateObjectMapping: 0.505000 ms MarkObjects: 3.620700 ms  DeleteObjects: 0.680500 ms)

AssetImportParameters requested are different than current active one (requested -> active):
  custom:video-decoder-ogg-theora: a1e56fd34408186e4bbccfd4996cb3dc -> 
  custom:container-muxer-webm: aa71ff27fc2769a1b78a27578f13a17b -> 
  custom:container-demuxer-webm: 4f35f7cbe854078d1ac9338744f61a02 -> 
  custom:video-encoder-webm-vp8: eb34c28f22e8b96e1ab97ce403110664 -> 
  custom:audio-encoder-webm-vorbis: bf7c407c2cedff20999df2af8eb42d56 -> 
  custom:framework-win-MediaFoundation: 216162199b28c13a410421893ffa2e32 -> 
  custom:container-demuxer-ogg: 62fdf1f143b41e24485cea50d1cbac27 -> 
  custom:video-decoder-webm-vp8: 9c59270c3fd7afecdb556c50c9e8de78 -> 
  custom:audio-decoder-ogg-vorbis: bf7c407c2cedff20999df2af8eb42d56 -> 
========================================================================
Received Prepare
Registering precompiled user dll's ...
Registered in 0.012886 seconds.
Begin MonoManager ReloadAssembly
Symbol file LoadedFromMemory doesn't match image C:\Users\Gonza\Projecto final - Coder\Library\PackageCache\com.unity.visualscripting@1.7.8\Editor\VisualScripting.Core\Dependencies\YamlDotNet\Unity.VisualScripting.YamlDotNet.dll
Symbol file LoadedFromMemory doesn't match image C:\Users\Gonza\Projecto final - Coder\Library\PackageCache\com.unity.visualscripting@1.7.8\Editor\VisualScripting.Core\Dependencies\DotNetZip\Unity.VisualScripting.IonicZip.dll
Native extension for WindowsStandalone target not found
Native extension for WebGL target not found
Refreshing native plugins compatible for Editor in 1.28 ms, found 3 plugins.
Preloading 0 native plugins for Editor in 0.00 ms.
Mono: successfully reloaded assembly
- Completed reload, in  1.955 seconds
Domain Reload Profiling:
	ReloadAssembly (1956ms)
		BeginReloadAssembly (188ms)
			ExecutionOrderSort (0ms)
			DisableScriptedObjects (6ms)
			BackupInstance (0ms)
			ReleaseScriptingObjects (0ms)
			CreateAndSetChildDomain (53ms)
		EndReloadAssembly (1607ms)
			LoadAssemblies (148ms)
			RebuildTransferFunctionScriptingTraits (0ms)
			SetupTypeCache (547ms)
			ReleaseScriptCaches (3ms)
			RebuildScriptCaches (87ms)
			SetupLoadedEditorAssemblies (725ms)
				LogAssemblyErrors (0ms)
				InitializePlatformSupportModulesInManaged (29ms)
				SetLoadedEditorAssemblies (1ms)
				RefreshPlugins (1ms)
				BeforeProcessingInitializeOnLoad (154ms)
				ProcessInitializeOnLoadAttributes (429ms)
				ProcessInitializeOnLoadMethodAttributes (101ms)
				AfterProcessingInitializeOnLoad (11ms)
				EditorAssembliesLoaded (0ms)
			ExecutionOrderSort2 (0ms)
			AwakeInstancesAfterBackupRestoration (18ms)
Platform modules already initialized, skipping
Refreshing native plugins compatible for Editor in 5.35 ms, found 3 plugins.
Preloading 0 native plugins for Editor in 0.00 ms.
Unloading 5180 Unused Serialized files (Serialized files now loaded: 0)
Unloading 40 unused Assets / (2.0 MB). Loaded Objects now: 5870.
Memory consumption went from 210.0 MB to 208.0 MB.
Total: 8.942100 ms (FindLiveObjects: 1.202400 ms CreateObjectMapping: 1.235700 ms MarkObjects: 5.673500 ms  DeleteObjects: 0.829200 ms)

AssetImportParameters requested are different than current active one (requested -> active):
  custom:video-decoder-ogg-theora: a1e56fd34408186e4bbccfd4996cb3dc -> 
  custom:container-muxer-webm: aa71ff27fc2769a1b78a27578f13a17b -> 
  custom:container-demuxer-webm: 4f35f7cbe854078d1ac9338744f61a02 -> 
  custom:video-encoder-webm-vp8: eb34c28f22e8b96e1ab97ce403110664 -> 
  custom:audio-encoder-webm-vorbis: bf7c407c2cedff20999df2af8eb42d56 -> 
  custom:framework-win-MediaFoundation: 216162199b28c13a410421893ffa2e32 -> 
  custom:container-demuxer-ogg: 62fdf1f143b41e24485cea50d1cbac27 -> 
  custom:video-decoder-webm-vp8: 9c59270c3fd7afecdb556c50c9e8de78 -> 
  custom:audio-decoder-ogg-vorbis: bf7c407c2cedff20999df2af8eb42d56 -> 
========================================================================
Received Import Request.
  Time since last request: 450.589400 seconds.
  path: Assets/Scenes/FirstLevel.unity
  artifactKey: Guid(99c9720ab356a0642a771bea13969a05) Importer(815301076,1909f56bfc062723c751e8b465ee728b)
Start importing Assets/Scenes/FirstLevel.unity using Guid(99c9720ab356a0642a771bea13969a05) Importer(815301076,1909f56bfc062723c751e8b465ee728b)  -> (artifact id: 'e533de31e0d0c48195ea1dffec5bea74') in 0.018889 seconds 
========================================================================
Received Prepare
Registering precompiled user dll's ...
Registered in 0.010800 seconds.
Begin MonoManager ReloadAssembly
Symbol file LoadedFromMemory doesn't match image C:\Users\Gonza\Projecto final - Coder\Library\PackageCache\com.unity.visualscripting@1.7.8\Editor\VisualScripting.Core\Dependencies\YamlDotNet\Unity.VisualScripting.YamlDotNet.dll
Symbol file LoadedFromMemory doesn't match image C:\Users\Gonza\Projecto final - Coder\Library\PackageCache\com.unity.visualscripting@1.7.8\Editor\VisualScripting.Core\Dependencies\DotNetZip\Unity.VisualScripting.IonicZip.dll
Native extension for WindowsStandalone target not found
Native extension for WebGL target not found
Refreshing native plugins compatible for Editor in 1.27 ms, found 3 plugins.
Preloading 0 native plugins for Editor in 0.00 ms.
Mono: successfully reloaded assembly
- Completed reload, in  1.872 seconds
Domain Reload Profiling:
	ReloadAssembly (1878ms)
		BeginReloadAssembly (181ms)
			ExecutionOrderSort (0ms)
			DisableScriptedObjects (6ms)
			BackupInstance (0ms)
			ReleaseScriptingObjects (0ms)
			CreateAndSetChildDomain (52ms)
		EndReloadAssembly (1538ms)
			LoadAssemblies (144ms)
			RebuildTransferFunctionScriptingTraits (0ms)
			SetupTypeCache (411ms)
			ReleaseScriptCaches (4ms)
			RebuildScriptCaches (86ms)
			SetupLoadedEditorAssemblies (788ms)
				LogAssemblyErrors (0ms)
				InitializePlatformSupportModulesInManaged (22ms)
				SetLoadedEditorAssemblies (1ms)
				RefreshPlugins (1ms)
				BeforeProcessingInitializeOnLoad (133ms)
				ProcessInitializeOnLoadAttributes (435ms)
				ProcessInitializeOnLoadMethodAttributes (175ms)
				AfterProcessingInitializeOnLoad (19ms)
				EditorAssembliesLoaded (1ms)
			ExecutionOrderSort2 (0ms)
			AwakeInstancesAfterBackupRestoration (31ms)
Platform modules already initialized, skipping
Refreshing native plugins compatible for Editor in 4.16 ms, found 3 plugins.
Preloading 0 native plugins for Editor in 0.00 ms.
Unloading 5180 Unused Serialized files (Serialized files now loaded: 0)
Unloading 40 unused Assets / (2.0 MB). Loaded Objects now: 5885.
Memory consumption went from 210.0 MB to 208.0 MB.
Total: 10.001800 ms (FindLiveObjects: 0.567500 ms CreateObjectMapping: 0.516700 ms MarkObjects: 5.008000 ms  DeleteObjects: 3.908200 ms)

AssetImportParameters requested are different than current active one (requested -> active):
  custom:video-decoder-ogg-theora: a1e56fd34408186e4bbccfd4996cb3dc -> 
  custom:container-muxer-webm: aa71ff27fc2769a1b78a27578f13a17b -> 
  custom:container-demuxer-webm: 4f35f7cbe854078d1ac9338744f61a02 -> 
  custom:video-encoder-webm-vp8: eb34c28f22e8b96e1ab97ce403110664 -> 
  custom:audio-encoder-webm-vorbis: bf7c407c2cedff20999df2af8eb42d56 -> 
  custom:framework-win-MediaFoundation: 216162199b28c13a410421893ffa2e32 -> 
  custom:container-demuxer-ogg: 62fdf1f143b41e24485cea50d1cbac27 -> 
  custom:video-decoder-webm-vp8: 9c59270c3fd7afecdb556c50c9e8de78 -> 
  custom:audio-decoder-ogg-vorbis: bf7c407c2cedff20999df2af8eb42d56 -> 
========================================================================
Received Import Request.
  Time since last request: 2973.562881 seconds.
  path: Assets/Scenes/FirstLevel.unity
  artifactKey: Guid(99c9720ab356a0642a771bea13969a05) Importer(815301076,1909f56bfc062723c751e8b465ee728b)
Start importing Assets/Scenes/FirstLevel.unity using Guid(99c9720ab356a0642a771bea13969a05) Importer(815301076,1909f56bfc062723c751e8b465ee728b)  -> (artifact id: '708b6746236ed125dad4830d4cea9c3b') in 0.018970 seconds 
========================================================================
Received Import Request.
  Time since last request: 73.036697 seconds.
  path: Assets/Models/Player/characterMedium 1.prefab
  artifactKey: Guid(c6dbaf7d21d95eb468230242951cfa57) Importer(815301076,1909f56bfc062723c751e8b465ee728b)
Start importing Assets/Models/Player/characterMedium 1.prefab using Guid(c6dbaf7d21d95eb468230242951cfa57) Importer(815301076,1909f56bfc062723c751e8b465ee728b)  -> (artifact id: '794db21a58e23f722ca041bb7cdb543e') in 0.481841 seconds 
========================================================================
Received Import Request.
  Time since last request: 0.092486 seconds.
  path: Assets/Scripts/FirstLevel/ActiveEnemies.cs
  artifactKey: Guid(7e9177df3e79301498a5132a899725c2) Importer(815301076,1909f56bfc062723c751e8b465ee728b)
Start importing Assets/Scripts/FirstLevel/ActiveEnemies.cs using Guid(7e9177df3e79301498a5132a899725c2) Importer(815301076,1909f56bfc062723c751e8b465ee728b)  -> (artifact id: '06799c8ea15c7a29464bb97d9b2e7339') in 0.008330 seconds 
========================================================================
Received Import Request.
  Time since last request: 0.082411 seconds.
  path: Assets/Scripts/SecondLevel/Lever.cs
  artifactKey: Guid(db1538be0f69d5f4fb0f07fcb0602be0) Importer(815301076,1909f56bfc062723c751e8b465ee728b)
Start importing Assets/Scripts/SecondLevel/Lever.cs using Guid(db1538be0f69d5f4fb0f07fcb0602be0) Importer(815301076,1909f56bfc062723c751e8b465ee728b)  -> (artifact id: 'b4a32446af80709de967b853772abc71') in 0.007254 seconds 
========================================================================
Received Import Request.
  Time since last request: 0.023048 seconds.
  path: Assets/Scripts/UI/MainMenu/MainMenu.cs
  artifactKey: Guid(c3c8152ef2b01f8479321a958e34fbcc) Importer(815301076,1909f56bfc062723c751e8b465ee728b)
Start importing Assets/Scripts/UI/MainMenu/MainMenu.cs using Guid(c3c8152ef2b01f8479321a958e34fbcc) Importer(815301076,1909f56bfc062723c751e8b465ee728b)  -> (artifact id: '473d86e88c0060779e299aef66f01195') in 0.006771 seconds 
========================================================================
Received Import Request.
  Time since last request: 144.424531 seconds.
  path: Assets/Textures/Cartoon_Texture_Pack/WOOD/WOOD_Planks/Materials/Wood_Planks_B.mat
  artifactKey: Guid(0744bcab18e19e444b1498ebfd1b47b1) Importer(815301076,1909f56bfc062723c751e8b465ee728b)
Start importing Assets/Textures/Cartoon_Texture_Pack/WOOD/WOOD_Planks/Materials/Wood_Planks_B.mat using Guid(0744bcab18e19e444b1498ebfd1b47b1) Importer(815301076,1909f56bfc062723c751e8b465ee728b)  -> (artifact id: '9fc4388423345b75154d2630ca65c7f0') in 0.086126 seconds 
========================================================================
Received Import Request.
  Time since last request: 0.426100 seconds.
  path: Assets/Models/FireExplosionEffects/Textures/LightningParticle.tif
  artifactKey: Guid(06e4a78c75e10c145a9156e32089ec9c) Importer(815301076,1909f56bfc062723c751e8b465ee728b)
Start importing Assets/Models/FireExplosionEffects/Textures/LightningParticle.tif using Guid(06e4a78c75e10c145a9156e32089ec9c) Importer(815301076,1909f56bfc062723c751e8b465ee728b)  -> (artifact id: '9fd208b3da2b16b3aec50426538e1ad5') in 0.028483 seconds 
========================================================================
Received Import Request.
  Time since last request: 0.118983 seconds.
  path: Assets/Textures/Cartoon_Texture_Pack/WOOD/WOOD_Planks/Textures/Wood_Planks_B_Height.png
  artifactKey: Guid(3831620b17593354ebbadd74d5fe884e) Importer(815301076,1909f56bfc062723c751e8b465ee728b)
Start importing Assets/Textures/Cartoon_Texture_Pack/WOOD/WOOD_Planks/Textures/Wood_Planks_B_Height.png using Guid(3831620b17593354ebbadd74d5fe884e) Importer(815301076,1909f56bfc062723c751e8b465ee728b)  -> (artifact id: '0afdcc025c6264a32fcfe80b6063e295') in 0.021154 seconds 
========================================================================
Received Import Request.
  Time since last request: 0.091778 seconds.
  path: Assets/Animations/LeverAnimation/lever.controller
  artifactKey: Guid(10adba90fbd0b9646b11988ac2debe26) Importer(815301076,1909f56bfc062723c751e8b465ee728b)
Start importing Assets/Animations/LeverAnimation/lever.controller using Guid(10adba90fbd0b9646b11988ac2debe26) Importer(815301076,1909f56bfc062723c751e8b465ee728b)  -> (artifact id: '985b18162c695004e3a901251864b365') in 0.009692 seconds 
========================================================================
Received Import Request.
  Time since last request: 0.391670 seconds.
  path: Assets/Textures/Cartoon_Texture_Pack/SAND/SAND_Underwater/Textures/Sand_Underwater_Base_AO.png
  artifactKey: Guid(4b63e4448e9efbc4ea4ed3da67416981) Importer(815301076,1909f56bfc062723c751e8b465ee728b)
Start importing Assets/Textures/Cartoon_Texture_Pack/SAND/SAND_Underwater/Textures/Sand_Underwater_Base_AO.png using Guid(4b63e4448e9efbc4ea4ed3da67416981) Importer(815301076,1909f56bfc062723c751e8b465ee728b)  -> (artifact id: 'd851d24d072f2af86e0f4fbdfccbb496') in 0.017845 seconds 
========================================================================
Received Import Request.
  Time since last request: 0.527006 seconds.
  path: Assets/Textures/Cartoon_Texture_Pack/WOOD/WOOD_Planks/Textures/Wood_Planks_B_AO.png
  artifactKey: Guid(39d74101bb138d844b8f80fdeabdf862) Importer(815301076,1909f56bfc062723c751e8b465ee728b)
Start importing Assets/Textures/Cartoon_Texture_Pack/WOOD/WOOD_Planks/Textures/Wood_Planks_B_AO.png using Guid(39d74101bb138d844b8f80fdeabdf862) Importer(815301076,1909f56bfc062723c751e8b465ee728b)  -> (artifact id: 'dd53c34b3d5ae5f53fd532f0b7747343') in 0.019851 seconds 
========================================================================
Received Import Request.
  Time since last request: 0.123834 seconds.
  path: Assets/Textures/Cartoon_Texture_Pack/SAND/SAND_Underwater/Textures/Sand_Underwater_Shell_Basecolor.png
  artifactKey: Guid(922b2f4389cf30f46ad4dd56df061162) Importer(815301076,1909f56bfc062723c751e8b465ee728b)
Start importing Assets/Textures/Cartoon_Texture_Pack/SAND/SAND_Underwater/Textures/Sand_Underwater_Shell_Basecolor.png using Guid(922b2f4389cf30f46ad4dd56df061162) Importer(815301076,1909f56bfc062723c751e8b465ee728b)  -> (artifact id: '1db8c7a7469ccc5b896323c2265997dd') in 0.019398 seconds 
========================================================================
Received Import Request.
  Time since last request: 0.120571 seconds.
  path: Assets/Animations/LeverAnimation/Lever.anim
  artifactKey: Guid(393391d640d7c0449b9a7da7ea1845c2) Importer(815301076,1909f56bfc062723c751e8b465ee728b)
Start importing Assets/Animations/LeverAnimation/Lever.anim using Guid(393391d640d7c0449b9a7da7ea1845c2) Importer(815301076,1909f56bfc062723c751e8b465ee728b)  -> (artifact id: 'd5990d1e34c60a3d38bcc31aebe8b2e6') in 0.009804 seconds 
========================================================================
Received Import Request.
  Time since last request: 0.625186 seconds.
  path: Assets/Models/FireExplosionEffects/Materials/PlasmaExplosionParticle.mat
  artifactKey: Guid(7ff1ab0b724442843965e2dd0f02e969) Importer(815301076,1909f56bfc062723c751e8b465ee728b)
Start importing Assets/Models/FireExplosionEffects/Materials/PlasmaExplosionParticle.mat using Guid(7ff1ab0b724442843965e2dd0f02e969) Importer(815301076,1909f56bfc062723c751e8b465ee728b)  -> (artifact id: '1d76aebe149bc1037f89b0746cbf246a') in 0.027118 seconds 
========================================================================
Received Import Request.
  Time since last request: 0.005063 seconds.
  path: Assets/Textures/Cartoon_Texture_Pack/WOOD/WOOD_Planks/Textures/Wood_Planks_B_Normal.png
  artifactKey: Guid(2212317a132eedc4dae6627a41197b65) Importer(815301076,1909f56bfc062723c751e8b465ee728b)
Start importing Assets/Textures/Cartoon_Texture_Pack/WOOD/WOOD_Planks/Textures/Wood_Planks_B_Normal.png using Guid(2212317a132eedc4dae6627a41197b65) Importer(815301076,1909f56bfc062723c751e8b465ee728b)  -> (artifact id: 'c33679c7ef199778a8c1b01807198e16') in 0.020824 seconds 
========================================================================
Received Import Request.
  Time since last request: 0.586816 seconds.
  path: Assets/Textures/Cartoon_Texture_Pack/WOOD/WOOD_Planks/Textures/Wood_Planks_A_Normal.png
  artifactKey: Guid(2ab9221e9e79b1a4cb6264385c3bacab) Importer(815301076,1909f56bfc062723c751e8b465ee728b)
Start importing Assets/Textures/Cartoon_Texture_Pack/WOOD/WOOD_Planks/Textures/Wood_Planks_A_Normal.png using Guid(2ab9221e9e79b1a4cb6264385c3bacab) Importer(815301076,1909f56bfc062723c751e8b465ee728b)  -> (artifact id: 'f003353d5d25d303093ac326616f3883') in 0.018664 seconds 
========================================================================
Received Import Request.
  Time since last request: 0.019317 seconds.
  path: Assets/Textures/Cartoon_Texture_Pack/SAND/SAND_Underwater/Textures/Sand_Underwater_Base_height.png
  artifactKey: Guid(59f512951b3979d498aea3bb88d8806d) Importer(815301076,1909f56bfc062723c751e8b465ee728b)
Start importing Assets/Textures/Cartoon_Texture_Pack/SAND/SAND_Underwater/Textures/Sand_Underwater_Base_height.png using Guid(59f512951b3979d498aea3bb88d8806d) Importer(815301076,1909f56bfc062723c751e8b465ee728b)  -> (artifact id: '3bca62f6c16321ff698ec424fbe1271b') in 0.019847 seconds 
========================================================================
Received Import Request.
  Time since last request: 0.032997 seconds.
  path: Assets/Models/FireExplosionEffects/Textures/SmokePuff02ParticleSheet.tif
  artifactKey: Guid(26e206bd730800f4f82b828eb9f1c067) Importer(815301076,1909f56bfc062723c751e8b465ee728b)
Start importing Assets/Models/FireExplosionEffects/Textures/SmokePuff02ParticleSheet.tif using Guid(26e206bd730800f4f82b828eb9f1c067) Importer(815301076,1909f56bfc062723c751e8b465ee728b)  -> (artifact id: '6e806c5d6d2496962a5290ec8277c98c') in 0.024473 seconds 
========================================================================
Received Import Request.
  Time since last request: 0.274417 seconds.
  path: Assets/Textures/Cartoon_Texture_Pack/SAND/SAND_Underwater/Textures/Sand_Underwater_Shell_AO.png
  artifactKey: Guid(fc3b5af5bc73abe4d8205b262790f62e) Importer(815301076,1909f56bfc062723c751e8b465ee728b)
Start importing Assets/Textures/Cartoon_Texture_Pack/SAND/SAND_Underwater/Textures/Sand_Underwater_Shell_AO.png using Guid(fc3b5af5bc73abe4d8205b262790f62e) Importer(815301076,1909f56bfc062723c751e8b465ee728b)  -> (artifact id: '5ec4d058f73465b9bef36b4bb45169e6') in 0.017291 seconds 
========================================================================
Received Import Request.
  Time since last request: 0.719936 seconds.
  path: Assets/Models/FireExplosionEffects/Textures/RoundSoftParticle.tif
  artifactKey: Guid(82c211cd7b28abb4a9e4ee77e8bd1b03) Importer(815301076,1909f56bfc062723c751e8b465ee728b)
Start importing Assets/Models/FireExplosionEffects/Textures/RoundSoftParticle.tif using Guid(82c211cd7b28abb4a9e4ee77e8bd1b03) Importer(815301076,1909f56bfc062723c751e8b465ee728b)  -> (artifact id: '91be7696dd3acef64453d681f64622e0') in 0.014289 seconds 
========================================================================
Received Import Request.
  Time since last request: 0.141442 seconds.
  path: Assets/Textures/Cartoon_Texture_Pack/SAND/SAND_Underwater/Textures/Sand_Underwater_Shell_Normal.png
  artifactKey: Guid(30b25325c708fc342ab5de0df5b1fff3) Importer(815301076,1909f56bfc062723c751e8b465ee728b)
Start importing Assets/Textures/Cartoon_Texture_Pack/SAND/SAND_Underwater/Textures/Sand_Underwater_Shell_Normal.png using Guid(30b25325c708fc342ab5de0df5b1fff3) Importer(815301076,1909f56bfc062723c751e8b465ee728b)  -> (artifact id: 'f7e51e948a7c66b55c7d993bd2a245ef') in 0.022135 seconds 
========================================================================
Received Import Request.
  Time since last request: 0.404875 seconds.
  path: Assets/Textures/Cartoon_Texture_Pack/WOOD/WOOD_Planks/Textures
  artifactKey: Guid(c8ba3188fcf8d6a48b9ec07a856847fb) Importer(815301076,1909f56bfc062723c751e8b465ee728b)
Start importing Assets/Textures/Cartoon_Texture_Pack/WOOD/WOOD_Planks/Textures using Guid(c8ba3188fcf8d6a48b9ec07a856847fb) Importer(815301076,1909f56bfc062723c751e8b465ee728b)  -> (artifact id: 'fc08809e01a33df4156cc3e0f8a0dd32') in 0.007285 seconds 
========================================================================
Received Import Request.
  Time since last request: 0.029706 seconds.
  path: Assets/Textures/Cartoon_Texture_Pack/SAND/SAND_Underwater/Textures/Sand_Underwater_Shell_Metallic.png
  artifactKey: Guid(ae4347e98291d8448a3be47ec58facc6) Importer(815301076,1909f56bfc062723c751e8b465ee728b)
Start importing Assets/Textures/Cartoon_Texture_Pack/SAND/SAND_Underwater/Textures/Sand_Underwater_Shell_Metallic.png using Guid(ae4347e98291d8448a3be47ec58facc6) Importer(815301076,1909f56bfc062723c751e8b465ee728b)  -> (artifact id: '5fec3c0ed9d86533c499e7c38d1dd187') in 0.018249 seconds 
========================================================================
Received Import Request.
  Time since last request: 0.060016 seconds.
  path: Assets/Models/FireExplosionEffects/Textures/SmokePuffNormalSheet.tif
  artifactKey: Guid(3bc01580ce4f1834eb3562397607f51d) Importer(815301076,1909f56bfc062723c751e8b465ee728b)
Start importing Assets/Models/FireExplosionEffects/Textures/SmokePuffNormalSheet.tif using Guid(3bc01580ce4f1834eb3562397607f51d) Importer(815301076,1909f56bfc062723c751e8b465ee728b)  -> (artifact id: '44512ec3b7fd577775f6c8365a4827dc') in 0.021498 seconds 
========================================================================
Received Import Request.
  Time since last request: 0.041620 seconds.
  path: Assets/Textures/Cartoon_Texture_Pack/ROCKS/ROCKS_Volcanic/Materials/Rocks_Volcanic_B.mat
  artifactKey: Guid(3f532fd3bc3865a47b05fffc3fe2b8f7) Importer(815301076,1909f56bfc062723c751e8b465ee728b)
Start importing Assets/Textures/Cartoon_Texture_Pack/ROCKS/ROCKS_Volcanic/Materials/Rocks_Volcanic_B.mat using Guid(3f532fd3bc3865a47b05fffc3fe2b8f7) Importer(815301076,1909f56bfc062723c751e8b465ee728b)  -> (artifact id: 'fdc8946bed2d0fbae185a99997710de5') in 0.045167 seconds 
========================================================================
Received Import Request.
  Time since last request: 0.137499 seconds.
  path: Assets/Textures/Cartoon_Texture_Pack/SAND/SAND_Underwater/Textures
  artifactKey: Guid(8c88a1093caec6045a6a580789b7353a) Importer(815301076,1909f56bfc062723c751e8b465ee728b)
Start importing Assets/Textures/Cartoon_Texture_Pack/SAND/SAND_Underwater/Textures using Guid(8c88a1093caec6045a6a580789b7353a) Importer(815301076,1909f56bfc062723c751e8b465ee728b)  -> (artifact id: 'f9ef005df8af422b912aeb844a237168') in 0.002101 seconds 
========================================================================
Received Import Request.
  Time since last request: 0.006160 seconds.
  path: Assets/Models/FireExplosionEffects/Textures/FlameParticleSheet.tif
  artifactKey: Guid(838696ee09635f647b630a61fac71a72) Importer(815301076,1909f56bfc062723c751e8b465ee728b)
Start importing Assets/Models/FireExplosionEffects/Textures/FlameParticleSheet.tif using Guid(838696ee09635f647b630a61fac71a72) Importer(815301076,1909f56bfc062723c751e8b465ee728b)  -> (artifact id: '09fbad7151d3d35b0da748d6d6aa7c4c') in 0.019674 seconds 
========================================================================
Received Import Request.
  Time since last request: 0.051462 seconds.
  path: Assets/Textures/Cartoon_Texture_Pack/SAND/SAND_Underwater/Textures/Sand_Underwater_Base_Normal.png
  artifactKey: Guid(c9c6502f04436f6419d8cd534d9e17c3) Importer(815301076,1909f56bfc062723c751e8b465ee728b)
Start importing Assets/Textures/Cartoon_Texture_Pack/SAND/SAND_Underwater/Textures/Sand_Underwater_Base_Normal.png using Guid(c9c6502f04436f6419d8cd534d9e17c3) Importer(815301076,1909f56bfc062723c751e8b465ee728b)  -> (artifact id: '6d6d2bd399e2d76ae6c337134a603589') in 0.020762 seconds 
========================================================================
Received Import Request.
  Time since last request: 0.058503 seconds.
  path: Assets/Models/FireExplosionEffects/Prefabs/SmallExplosionEffect.prefab
  artifactKey: Guid(ecdd96beb7f93494880c052dfccf9dc1) Importer(815301076,1909f56bfc062723c751e8b465ee728b)
Start importing Assets/Models/FireExplosionEffects/Prefabs/SmallExplosionEffect.prefab using Guid(ecdd96beb7f93494880c052dfccf9dc1) Importer(815301076,1909f56bfc062723c751e8b465ee728b)  -> (artifact id: '1f5f4e35959d0ec68a99715f607f1b42') in 0.049044 seconds 
========================================================================
Received Import Request.
  Time since last request: 0.148972 seconds.
  path: Assets/Textures/Cartoon_Texture_Pack/SAND/SAND_Underwater
  artifactKey: Guid(19ac9f0907c33d9409fb5e6924b43e36) Importer(815301076,1909f56bfc062723c751e8b465ee728b)
Start importing Assets/Textures/Cartoon_Texture_Pack/SAND/SAND_Underwater using Guid(19ac9f0907c33d9409fb5e6924b43e36) Importer(815301076,1909f56bfc062723c751e8b465ee728b)  -> (artifact id: '27a60c1f4ac09001b50d0e4b98a4e4a5') in 0.006613 seconds 
========================================================================
Received Import Request.
  Time since last request: 0.023953 seconds.
  path: Assets/Textures/Cartoon_Texture_Pack/ROCKS/ROCKS_Volcanic/Materials/Rocks_Volcanic_A.mat
  artifactKey: Guid(d9a95648e82caa7459f1106df0da4af2) Importer(815301076,1909f56bfc062723c751e8b465ee728b)
Start importing Assets/Textures/Cartoon_Texture_Pack/ROCKS/ROCKS_Volcanic/Materials/Rocks_Volcanic_A.mat using Guid(d9a95648e82caa7459f1106df0da4af2) Importer(815301076,1909f56bfc062723c751e8b465ee728b)  -> (artifact id: '4d9e66bdb4f9542313abac4cd9303fc5') in 0.044434 seconds 
========================================================================
Received Import Request.
  Time since last request: 0.040914 seconds.
  path: Assets/Models/FireExplosionEffects/Prefabs/DrippingFlames.prefab
  artifactKey: Guid(ce4133109fd2cb7469faad8e7c4307a4) Importer(815301076,1909f56bfc062723c751e8b465ee728b)
Start importing Assets/Models/FireExplosionEffects/Prefabs/DrippingFlames.prefab using Guid(ce4133109fd2cb7469faad8e7c4307a4) Importer(815301076,1909f56bfc062723c751e8b465ee728b)  -> (artifact id: 'b9a93850fb26410706575b6a123d2a33') in 0.027041 seconds 
========================================================================
Received Import Request.
  Time since last request: 0.092391 seconds.
  path: Assets/Textures/Cartoon_Texture_Pack/WOOD/WOOD_Planks/Textures/Wood_Planks_A_Metallic.png
  artifactKey: Guid(41e7795940143ee48976911c58ba5476) Importer(815301076,1909f56bfc062723c751e8b465ee728b)
Start importing Assets/Textures/Cartoon_Texture_Pack/WOOD/WOOD_Planks/Textures/Wood_Planks_A_Metallic.png using Guid(41e7795940143ee48976911c58ba5476) Importer(815301076,1909f56bfc062723c751e8b465ee728b)  -> (artifact id: '6f1a9193ddab5b4bfd32d3f060076bc3') in 0.019876 seconds 
========================================================================
Received Import Request.
  Time since last request: 0.093311 seconds.
  path: Assets/Textures/Cartoon_Texture_Pack/WOOD/WOOD_Plain/Materials/Wood_Plain_B.mat
  artifactKey: Guid(ca5f9003d85586d4d96ea25bf9f6bb44) Importer(815301076,1909f56bfc062723c751e8b465ee728b)
Start importing Assets/Textures/Cartoon_Texture_Pack/WOOD/WOOD_Plain/Materials/Wood_Plain_B.mat using Guid(ca5f9003d85586d4d96ea25bf9f6bb44) Importer(815301076,1909f56bfc062723c751e8b465ee728b)  -> (artifact id: 'dc687624e6c97b1f19e1339c76856f22') in 0.045703 seconds 
========================================================================
Received Import Request.
  Time since last request: 0.113054 seconds.
  path: Assets/Textures/Cartoon_Texture_Pack/SAND/SAND_Underwater/Materials
  artifactKey: Guid(b3744e17b3188c3458c4a091637a0150) Importer(815301076,1909f56bfc062723c751e8b465ee728b)
Start importing Assets/Textures/Cartoon_Texture_Pack/SAND/SAND_Underwater/Materials using Guid(b3744e17b3188c3458c4a091637a0150) Importer(815301076,1909f56bfc062723c751e8b465ee728b)  -> (artifact id: '581dea4a70bf4a76dc8737e98f21533f') in 0.006734 seconds 
========================================================================
Received Import Request.
  Time since last request: 0.044521 seconds.
  path: Assets/Models/FireExplosionEffects/Textures/FlameRoundGreyParticleSheet.tif
  artifactKey: Guid(aa0907451008d784b8ef5b1c0900465d) Importer(815301076,1909f56bfc062723c751e8b465ee728b)
Start importing Assets/Models/FireExplosionEffects/Textures/FlameRoundGreyParticleSheet.tif using Guid(aa0907451008d784b8ef5b1c0900465d) Importer(815301076,1909f56bfc062723c751e8b465ee728b)  -> (artifact id: '80e0ee92fb74453a4de303efb9633c65') in 0.019342 seconds 
========================================================================
Received Import Request.
  Time since last request: 0.000022 seconds.
  path: Assets/Textures/Cartoon_Texture_Pack/WOOD/WOOD_Planks/Materials/Wood_Planks_A.mat
  artifactKey: Guid(a46ddefb78a484643af07aed081bf055) Importer(815301076,1909f56bfc062723c751e8b465ee728b)
Start importing Assets/Textures/Cartoon_Texture_Pack/WOOD/WOOD_Planks/Materials/Wood_Planks_A.mat using Guid(a46ddefb78a484643af07aed081bf055) Importer(815301076,1909f56bfc062723c751e8b465ee728b)  -> (artifact id: '7fc8999175b17f9ee9b94e9c54981658') in 0.040557 seconds 
========================================================================
Received Import Request.
  Time since last request: 0.011473 seconds.
  path: Assets/Models/FireExplosionEffects/Prefabs/TorchEffect.prefab
  artifactKey: Guid(3cdf614b79009ca49a2a5c117fb49c35) Importer(815301076,1909f56bfc062723c751e8b465ee728b)
Start importing Assets/Models/FireExplosionEffects/Prefabs/TorchEffect.prefab using Guid(3cdf614b79009ca49a2a5c117fb49c35) Importer(815301076,1909f56bfc062723c751e8b465ee728b)  -> (artifact id: '4aed1e098aca3a65b299930a3afba890') in 0.029706 seconds 
========================================================================
Received Import Request.
  Time since last request: 0.001791 seconds.
  path: Assets/Textures/Cartoon_Texture_Pack/WOOD/WOOD_Planks/Textures/Wood_Planks_B_Metallic.png
  artifactKey: Guid(71ef579b3d127e040921d25785d56223) Importer(815301076,1909f56bfc062723c751e8b465ee728b)
Start importing Assets/Textures/Cartoon_Texture_Pack/WOOD/WOOD_Planks/Textures/Wood_Planks_B_Metallic.png using Guid(71ef579b3d127e040921d25785d56223) Importer(815301076,1909f56bfc062723c751e8b465ee728b)  -> (artifact id: 'cd60d96915d05fdc770da5ef91bdad00') in 0.017153 seconds 
========================================================================
Received Import Request.
  Time since last request: 0.168419 seconds.
  path: Assets/Animations/SmileAnimations/SmileController.controller
  artifactKey: Guid(8ba413847e841e04a97d0e557a732664) Importer(815301076,1909f56bfc062723c751e8b465ee728b)
Start importing Assets/Animations/SmileAnimations/SmileController.controller using Guid(8ba413847e841e04a97d0e557a732664) Importer(815301076,1909f56bfc062723c751e8b465ee728b)  -> (artifact id: '074e9aa7869d65efd3c05b40c071979c') in 0.010061 seconds 
========================================================================
Received Import Request.
  Time since last request: 0.073116 seconds.
  path: Assets/Textures/Cartoon_Texture_Pack/SAND/SAND_Beach/Materials/Sand_Beach_Shell.mat
  artifactKey: Guid(8f1ad6ca6c806374eb625b775345bb99) Importer(815301076,1909f56bfc062723c751e8b465ee728b)
Start importing Assets/Textures/Cartoon_Texture_Pack/SAND/SAND_Beach/Materials/Sand_Beach_Shell.mat using Guid(8f1ad6ca6c806374eb625b775345bb99) Importer(815301076,1909f56bfc062723c751e8b465ee728b)  -> (artifact id: 'e3a0d9f62a3b9e15d77cc1184175b4e1') in 0.049873 seconds 
========================================================================
Received Import Request.
  Time since last request: 0.164400 seconds.
  path: Assets/Textures/Cartoon_Texture_Pack/SAND/SAND_Beach/Materials/Sand_Beach_Base_Basecolor.mat
  artifactKey: Guid(6acdc1d6cf1ceab42be4296f1a6bf477) Importer(815301076,1909f56bfc062723c751e8b465ee728b)
Start importing Assets/Textures/Cartoon_Texture_Pack/SAND/SAND_Beach/Materials/Sand_Beach_Base_Basecolor.mat using Guid(6acdc1d6cf1ceab42be4296f1a6bf477) Importer(815301076,1909f56bfc062723c751e8b465ee728b)  -> (artifact id: '5c1a32cb8a468d90b0a999c5dd010981') in 0.024293 seconds 
========================================================================
Received Import Request.
  Time since last request: 0.312803 seconds.
  path: Assets/Textures/Cartoon_Texture_Pack/WOOD/WOOD_Planks/Textures/Wood_Planks_A_AO.png
  artifactKey: Guid(c624015efb5eb544caf58af7079bf884) Importer(815301076,1909f56bfc062723c751e8b465ee728b)
Start importing Assets/Textures/Cartoon_Texture_Pack/WOOD/WOOD_Planks/Textures/Wood_Planks_A_AO.png using Guid(c624015efb5eb544caf58af7079bf884) Importer(815301076,1909f56bfc062723c751e8b465ee728b)  -> (artifact id: 'cf67d043b9f156d65f8e525f5096ad51') in 0.013911 seconds 
========================================================================
Received Import Request.
  Time since last request: 0.001728 seconds.
  path: Assets/Models/FireExplosionEffects/Textures/SmokePuffParticleSheet.png
  artifactKey: Guid(d3c9883e2f0eef44f9241b6f8428f9fc) Importer(815301076,1909f56bfc062723c751e8b465ee728b)
Start importing Assets/Models/FireExplosionEffects/Textures/SmokePuffParticleSheet.png using Guid(d3c9883e2f0eef44f9241b6f8428f9fc) Importer(815301076,1909f56bfc062723c751e8b465ee728b)  -> (artifact id: '4ec15a0ea341bdb69fbdf39834078d52') in 0.016331 seconds 
========================================================================
Received Import Request.
  Time since last request: 0.079759 seconds.
  path: Assets/Textures/Cartoon_Texture_Pack/WOOD/WOOD_Planks/Textures/Wood_Planks_A_Basecolor.png
  artifactKey: Guid(afcb53d90181c6a4282a55c176236533) Importer(815301076,1909f56bfc062723c751e8b465ee728b)
Start importing Assets/Textures/Cartoon_Texture_Pack/WOOD/WOOD_Planks/Textures/Wood_Planks_A_Basecolor.png using Guid(afcb53d90181c6a4282a55c176236533) Importer(815301076,1909f56bfc062723c751e8b465ee728b)  -> (artifact id: 'c30d6d95710947428cb6f6d7a311cdd0') in 0.014860 seconds 
========================================================================
Received Import Request.
  Time since last request: 0.001051 seconds.
  path: Assets/Textures/Cartoon_Texture_Pack/WOOD/WOOD_Plain/Materials/Wood_Plain_A.mat
  artifactKey: Guid(d1308064540b76a488431b360cee6b89) Importer(815301076,1909f56bfc062723c751e8b465ee728b)
Start importing Assets/Textures/Cartoon_Texture_Pack/WOOD/WOOD_Plain/Materials/Wood_Plain_A.mat using Guid(d1308064540b76a488431b360cee6b89) Importer(815301076,1909f56bfc062723c751e8b465ee728b)  -> (artifact id: '6314ad3b5341e3796c8e65d16ae906d9') in 0.042713 seconds 
========================================================================
Received Import Request.
  Time since last request: 0.049015 seconds.
  path: Assets/Textures/Cartoon_Texture_Pack/SAND/SAND_Underwater/Textures/Sand_Underwater_Shell_height.png
  artifactKey: Guid(2b0c96194bde5894daac68b584fbed55) Importer(815301076,1909f56bfc062723c751e8b465ee728b)
Start importing Assets/Textures/Cartoon_Texture_Pack/SAND/SAND_Underwater/Textures/Sand_Underwater_Shell_height.png using Guid(2b0c96194bde5894daac68b584fbed55) Importer(815301076,1909f56bfc062723c751e8b465ee728b)  -> (artifact id: 'dd2a646be43638244ab31ae1f99c81d6') in 0.016435 seconds 
========================================================================
Received Import Request.
  Time since last request: 0.119146 seconds.
  path: Assets/PostProcesing/Boss.asset
  artifactKey: Guid(dfad0b8016f112f41aa9bb1c987315df) Importer(815301076,1909f56bfc062723c751e8b465ee728b)
Start importing Assets/PostProcesing/Boss.asset using Guid(dfad0b8016f112f41aa9bb1c987315df) Importer(815301076,1909f56bfc062723c751e8b465ee728b)  -> (artifact id: '71161c571c1cd0c9e43073393b9b9a97') in 0.010404 seconds 
========================================================================
Received Import Request.
  Time since last request: 0.164104 seconds.
  path: Assets/Textures/Cartoon_Texture_Pack/ROCKS/ROCKS_Volcanic/Materials/Rocks_Volcanic_C.mat
  artifactKey: Guid(de88005d1f5e1554494e69b81da77235) Importer(815301076,1909f56bfc062723c751e8b465ee728b)
Start importing Assets/Textures/Cartoon_Texture_Pack/ROCKS/ROCKS_Volcanic/Materials/Rocks_Volcanic_C.mat using Guid(de88005d1f5e1554494e69b81da77235) Importer(815301076,1909f56bfc062723c751e8b465ee728b)  -> (artifact id: '1726ce81c2a9be4df3573522ff3b68a0') in 0.033481 seconds 
========================================================================
Received Import Request.
  Time since last request: 0.005331 seconds.
  path: Assets/Textures/Cartoon_Texture_Pack/SAND/SAND_Beach/Materials/Sand_Beach_Shell_Basecolor.mat
  artifactKey: Guid(f75ae8e3c5718954bb983d2cd49fc88e) Importer(815301076,1909f56bfc062723c751e8b465ee728b)
Start importing Assets/Textures/Cartoon_Texture_Pack/SAND/SAND_Beach/Materials/Sand_Beach_Shell_Basecolor.mat using Guid(f75ae8e3c5718954bb983d2cd49fc88e) Importer(815301076,1909f56bfc062723c751e8b465ee728b)  -> (artifact id: 'e40222c121cac48cf603e18b535cc7e3') in 0.022105 seconds 
========================================================================
Received Import Request.
  Time since last request: 0.001582 seconds.
  path: Assets/Models/FireExplosionEffects/Prefabs/FlameThrowerEffect.prefab
  artifactKey: Guid(3123da49cb81147489b444f2749aba47) Importer(815301076,1909f56bfc062723c751e8b465ee728b)
Start importing Assets/Models/FireExplosionEffects/Prefabs/FlameThrowerEffect.prefab using Guid(3123da49cb81147489b444f2749aba47) Importer(815301076,1909f56bfc062723c751e8b465ee728b)  -> (artifact id: '93f7ae0901400c5d6474292ecbf59b49') in 0.025366 seconds 
========================================================================
Received Import Request.
  Time since last request: 0.096671 seconds.
  path: Assets/Textures/Cartoon_Texture_Pack/WOOD/WOOD_Planks/Textures/Wood_Planks_B_Basecolor.png
  artifactKey: Guid(5afcfbbc56406fd47a8bb6e1a3da98dd) Importer(815301076,1909f56bfc062723c751e8b465ee728b)
Start importing Assets/Textures/Cartoon_Texture_Pack/WOOD/WOOD_Planks/Textures/Wood_Planks_B_Basecolor.png using Guid(5afcfbbc56406fd47a8bb6e1a3da98dd) Importer(815301076,1909f56bfc062723c751e8b465ee728b)  -> (artifact id: 'fe61c48571d7efef099bc0fe7d247d06') in 0.016093 seconds 
========================================================================
Received Import Request.
  Time since last request: 0.016828 seconds.
  path: Assets/Textures/Cartoon_Texture_Pack/SAND/SAND_Beach/Materials
  artifactKey: Guid(5a76657f4c3fecf43853ebfa8b46d98e) Importer(815301076,1909f56bfc062723c751e8b465ee728b)
Start importing Assets/Textures/Cartoon_Texture_Pack/SAND/SAND_Beach/Materials using Guid(5a76657f4c3fecf43853ebfa8b46d98e) Importer(815301076,1909f56bfc062723c751e8b465ee728b)  -> (artifact id: '04221c7d044cdf04f63f589932495cb9') in 0.006812 seconds 
========================================================================
Received Import Request.
  Time since last request: 0.184516 seconds.
  path: Assets/Textures/Cartoon_Texture_Pack/SAND/SAND_Underwater/Materials/Sand_Underwater_Base.mat
  artifactKey: Guid(e55445e0da1f0a24ab59dba263813e61) Importer(815301076,1909f56bfc062723c751e8b465ee728b)
Start importing Assets/Textures/Cartoon_Texture_Pack/SAND/SAND_Underwater/Materials/Sand_Underwater_Base.mat using Guid(e55445e0da1f0a24ab59dba263813e61) Importer(815301076,1909f56bfc062723c751e8b465ee728b)  -> (artifact id: '744dbc846e4e2e9074b7ae04c642c3e0') in 0.035465 seconds 
========================================================================
Received Import Request.
  Time since last request: 0.212747 seconds.
  path: Assets/Models/FireExplosionEffects/Prefabs/FlamesParticleEffect.prefab
  artifactKey: Guid(3228a22491941734bb83ad691d17fcb9) Importer(815301076,1909f56bfc062723c751e8b465ee728b)
Start importing Assets/Models/FireExplosionEffects/Prefabs/FlamesParticleEffect.prefab using Guid(3228a22491941734bb83ad691d17fcb9) Importer(815301076,1909f56bfc062723c751e8b465ee728b)  -> (artifact id: 'cd126a33f2d01530c9f1405e35e5700e') in 0.023755 seconds 
========================================================================
Received Import Request.
  Time since last request: 0.527370 seconds.
  path: Assets/Textures/Cartoon_Texture_Pack/WOOD/WOOD_Plain/Materials
  artifactKey: Guid(604918ad4a65d1743983ec55274618f7) Importer(815301076,1909f56bfc062723c751e8b465ee728b)
Start importing Assets/Textures/Cartoon_Texture_Pack/WOOD/WOOD_Plain/Materials using Guid(604918ad4a65d1743983ec55274618f7) Importer(815301076,1909f56bfc062723c751e8b465ee728b)  -> (artifact id: '696ce37c08d9a79f4265996d281119c6') in 0.001907 seconds 
========================================================================
Received Import Request.
  Time since last request: 0.248170 seconds.
  path: Assets/Textures/Cartoon_Texture_Pack/SAND/SAND_Underwater/Textures/Sand_Underwater_Base_Basecolor.png
  artifactKey: Guid(29cf16dcfaae11f46bccf7ae069faa60) Importer(815301076,1909f56bfc062723c751e8b465ee728b)
Start importing Assets/Textures/Cartoon_Texture_Pack/SAND/SAND_Underwater/Textures/Sand_Underwater_Base_Basecolor.png using Guid(29cf16dcfaae11f46bccf7ae069faa60) Importer(815301076,1909f56bfc062723c751e8b465ee728b)  -> (artifact id: '0c9a0ce21f891d0c833ea1d3ef177ed1') in 0.016435 seconds 
========================================================================
Received Import Request.
  Time since last request: 0.069719 seconds.
  path: Assets/Models/FireExplosionEffects/Prefabs/BigExplosionEffect.prefab
  artifactKey: Guid(acf39d9f4addf294d93fa56fa373961b) Importer(815301076,1909f56bfc062723c751e8b465ee728b)
Start importing Assets/Models/FireExplosionEffects/Prefabs/BigExplosionEffect.prefab using Guid(acf39d9f4addf294d93fa56fa373961b) Importer(815301076,1909f56bfc062723c751e8b465ee728b)  -> (artifact id: '9d1ca29b3dd83401eedb3421b80957c3') in 0.031748 seconds 
========================================================================
Received Import Request.
  Time since last request: 0.004510 seconds.
  path: Assets/Textures/Cartoon_Texture_Pack/WOOD/WOOD_Planks
  artifactKey: Guid(f87043db2fef5844a8566b80dbbfd7ed) Importer(815301076,1909f56bfc062723c751e8b465ee728b)
Start importing Assets/Textures/Cartoon_Texture_Pack/WOOD/WOOD_Planks using Guid(f87043db2fef5844a8566b80dbbfd7ed) Importer(815301076,1909f56bfc062723c751e8b465ee728b)  -> (artifact id: 'cdd68fa3d4f2f60e76d52de2ed196091') in 0.007153 seconds 
========================================================================
Received Import Request.
  Time since last request: 0.086755 seconds.
  path: Assets/Models/FireExplosionEffects/Prefabs/RibbonSmoke.prefab
  artifactKey: Guid(4d35711ba17dcd4409264568d9155360) Importer(815301076,1909f56bfc062723c751e8b465ee728b)
Start importing Assets/Models/FireExplosionEffects/Prefabs/RibbonSmoke.prefab using Guid(4d35711ba17dcd4409264568d9155360) Importer(815301076,1909f56bfc062723c751e8b465ee728b)  -> (artifact id: '5ea9b73b266bd8553ac6131f4e296494') in 0.020747 seconds 
========================================================================
Received Import Request.
  Time since last request: 0.454114 seconds.
  path: Assets/Textures/Cartoon_Texture_Pack/WOOD/WOOD_Planks/Textures/Wood_Planks_A_Height.png
  artifactKey: Guid(90e365f3a60aa554bbaff50bb8567dde) Importer(815301076,1909f56bfc062723c751e8b465ee728b)
Start importing Assets/Textures/Cartoon_Texture_Pack/WOOD/WOOD_Planks/Textures/Wood_Planks_A_Height.png using Guid(90e365f3a60aa554bbaff50bb8567dde) Importer(815301076,1909f56bfc062723c751e8b465ee728b)  -> (artifact id: 'dd34703e25808587f7c6015bf34730e1') in 0.017884 seconds 
========================================================================
Received Import Request.
  Time since last request: 0.025797 seconds.
  path: Assets/Models/FireExplosionEffects/Materials/FlameRoundYellowParticle.mat
  artifactKey: Guid(d7f098ed9997e714193be5e86df013f4) Importer(815301076,1909f56bfc062723c751e8b465ee728b)
Start importing Assets/Models/FireExplosionEffects/Materials/FlameRoundYellowParticle.mat using Guid(d7f098ed9997e714193be5e86df013f4) Importer(815301076,1909f56bfc062723c751e8b465ee728b)  -> (artifact id: '0e2d523560376178ee924baef6209cfc') in 0.023485 seconds 
========================================================================
Received Import Request.
  Time since last request: 0.150251 seconds.
  path: Assets/Textures/Cartoon_Texture_Pack/WOOD/WOOD_Planks/Materials
  artifactKey: Guid(631c2027e9c49fe47b872278e831b4a4) Importer(815301076,1909f56bfc062723c751e8b465ee728b)
Start importing Assets/Textures/Cartoon_Texture_Pack/WOOD/WOOD_Planks/Materials using Guid(631c2027e9c49fe47b872278e831b4a4) Importer(815301076,1909f56bfc062723c751e8b465ee728b)  -> (artifact id: '4f497fe91faaedfa2aff45e160ca1dfe') in 0.002143 seconds 
========================================================================
Received Import Request.
  Time since last request: 0.054191 seconds.
  path: Assets/Textures/Cartoon_Texture_Pack/SAND/SAND_Underwater/Materials/Sand_Underwater_Shell.mat
  artifactKey: Guid(1b27c859b87e6ab4d8473dc82a6d7d8b) Importer(815301076,1909f56bfc062723c751e8b465ee728b)
Start importing Assets/Textures/Cartoon_Texture_Pack/SAND/SAND_Underwater/Materials/Sand_Underwater_Shell.mat using Guid(1b27c859b87e6ab4d8473dc82a6d7d8b) Importer(815301076,1909f56bfc062723c751e8b465ee728b)  -> (artifact id: 'd7442a919c3d0e0e14aae7becd5c8cc5') in 0.034521 seconds 
========================================================================
Received Import Request.
  Time since last request: 0.128009 seconds.
  path: Assets/Textures/Cartoon_Texture_Pack/SAND/SAND_Underwater/Textures/Sand_Underwater_Base_Metallic.png
  artifactKey: Guid(d773a65575b202a4b97817071714bb67) Importer(815301076,1909f56bfc062723c751e8b465ee728b)
Start importing Assets/Textures/Cartoon_Texture_Pack/SAND/SAND_Underwater/Textures/Sand_Underwater_Base_Metallic.png using Guid(d773a65575b202a4b97817071714bb67) Importer(815301076,1909f56bfc062723c751e8b465ee728b)  -> (artifact id: '55826c2ac08e2bfa24df45267d4ffa18') in 0.015908 seconds 
========================================================================
Received Import Request.
  Time since last request: 0.006345 seconds.
  path: Assets/Materials/Metallic.mat
  artifactKey: Guid(095831b838cc01746b9d64a210695ba5) Importer(815301076,1909f56bfc062723c751e8b465ee728b)
Start importing Assets/Materials/Metallic.mat using Guid(095831b838cc01746b9d64a210695ba5) Importer(815301076,1909f56bfc062723c751e8b465ee728b)  -> (artifact id: '858c485505ddc632cf635d2fd8de356a') in 0.021037 seconds 
========================================================================
Received Import Request.
  Time since last request: 0.034398 seconds.
  path: Assets/Textures/Cartoon_Texture_Pack/SAND/SAND_Beach/Materials/Sand_Beach_Base.mat
  artifactKey: Guid(98e3d348c55e6a244b34dd502d9ed4cc) Importer(815301076,1909f56bfc062723c751e8b465ee728b)
Start importing Assets/Textures/Cartoon_Texture_Pack/SAND/SAND_Beach/Materials/Sand_Beach_Base.mat using Guid(98e3d348c55e6a244b34dd502d9ed4cc) Importer(815301076,1909f56bfc062723c751e8b465ee728b)  -> (artifact id: '851699cea9babea50042189fac9e1047') in 0.043557 seconds 
========================================================================
Received Import Request.
  Time since last request: 0.021227 seconds.
  path: Assets/Models/FireExplosionEffects/Textures/FlameRoundParticleSheet.tif
  artifactKey: Guid(408718fd5f763de42b12f849570ddf58) Importer(815301076,1909f56bfc062723c751e8b465ee728b)
Start importing Assets/Models/FireExplosionEffects/Textures/FlameRoundParticleSheet.tif using Guid(408718fd5f763de42b12f849570ddf58) Importer(815301076,1909f56bfc062723c751e8b465ee728b)  -> (artifact id: '6757945eb47174163b1b3d7c3e7ce16f') in 0.016746 seconds 
========================================================================
Received Import Request.
  Time since last request: 0.010963 seconds.
  path: Assets/Models/FireExplosionEffects/Prefabs/PlasmaExplosionEffect.prefab
  artifactKey: Guid(96730f8640590934eacb6f860058e7f9) Importer(815301076,1909f56bfc062723c751e8b465ee728b)
Start importing Assets/Models/FireExplosionEffects/Prefabs/PlasmaExplosionEffect.prefab using Guid(96730f8640590934eacb6f860058e7f9) Importer(815301076,1909f56bfc062723c751e8b465ee728b)  -> (artifact id: '477ac61fca4e9ae25bde1a0df887e9a4') in 0.033058 seconds 
========================================================================
Received Import Request.
  Time since last request: 0.446690 seconds.
  path: Assets/Models/FireExplosionEffects/Prefabs/FlamesEffects.prefab
  artifactKey: Guid(b9e167e31f640b34f87caab122fca598) Importer(815301076,1909f56bfc062723c751e8b465ee728b)
Start importing Assets/Models/FireExplosionEffects/Prefabs/FlamesEffects.prefab using Guid(b9e167e31f640b34f87caab122fca598) Importer(815301076,1909f56bfc062723c751e8b465ee728b)  -> (artifact id: '103457c0b1a04c779610aa0a44d4d55f') in 0.029711 seconds 
========================================================================
Received Import Request.
  Time since last request: 0.053289 seconds.
  path: Assets/Models/FireExplosionEffects/Prefabs/WallFlames.prefab
  artifactKey: Guid(2c7e85f4b03483447a66947c83fb7468) Importer(815301076,1909f56bfc062723c751e8b465ee728b)
Start importing Assets/Models/FireExplosionEffects/Prefabs/WallFlames.prefab using Guid(2c7e85f4b03483447a66947c83fb7468) Importer(815301076,1909f56bfc062723c751e8b465ee728b)  -> (artifact id: 'a1da08bd645b848fecf1df4a4c8b8d28') in 0.027714 seconds 
========================================================================
Received Prepare
Refreshing native plugins compatible for Editor in 7.24 ms, found 3 plugins.
Preloading 0 native plugins for Editor in 0.00 ms.
Unloading 39 Unused Serialized files (Serialized files now loaded: 0)
Unloading 41 unused Assets / (2.0 MB). Loaded Objects now: 6020.
Memory consumption went from 115.1 MB to 113.2 MB.
Total: 5.932200 ms (FindLiveObjects: 0.481400 ms CreateObjectMapping: 0.378900 ms MarkObjects: 4.474700 ms  DeleteObjects: 0.596200 ms)

AssetImportParameters requested are different than current active one (requested -> active):
  custom:video-decoder-ogg-theora: a1e56fd34408186e4bbccfd4996cb3dc -> 
  custom:container-muxer-webm: aa71ff27fc2769a1b78a27578f13a17b -> 
  custom:container-demuxer-webm: 4f35f7cbe854078d1ac9338744f61a02 -> 
  custom:video-encoder-webm-vp8: eb34c28f22e8b96e1ab97ce403110664 -> 
  custom:audio-encoder-webm-vorbis: bf7c407c2cedff20999df2af8eb42d56 -> 
  custom:framework-win-MediaFoundation: 216162199b28c13a410421893ffa2e32 -> 
  custom:container-demuxer-ogg: 62fdf1f143b41e24485cea50d1cbac27 -> 
  custom:video-decoder-webm-vp8: 9c59270c3fd7afecdb556c50c9e8de78 -> 
  custom:audio-decoder-ogg-vorbis: bf7c407c2cedff20999df2af8eb42d56 -> 
========================================================================
Received Prepare
Refreshing native plugins compatible for Editor in 6.67 ms, found 3 plugins.
Preloading 0 native plugins for Editor in 0.00 ms.
Unloading 40 Unused Serialized files (Serialized files now loaded: 0)
Unloading 40 unused Assets / (2.0 MB). Loaded Objects now: 6020.
Memory consumption went from 115.3 MB to 113.3 MB.
Total: 5.976000 ms (FindLiveObjects: 0.490200 ms CreateObjectMapping: 0.408700 ms MarkObjects: 4.485700 ms  DeleteObjects: 0.590600 ms)

AssetImportParameters requested are different than current active one (requested -> active):
  custom:video-decoder-ogg-theora: a1e56fd34408186e4bbccfd4996cb3dc -> 
  custom:container-muxer-webm: aa71ff27fc2769a1b78a27578f13a17b -> 
  custom:container-demuxer-webm: 4f35f7cbe854078d1ac9338744f61a02 -> 
  custom:video-encoder-webm-vp8: eb34c28f22e8b96e1ab97ce403110664 -> 
  custom:audio-encoder-webm-vorbis: bf7c407c2cedff20999df2af8eb42d56 -> 
  custom:framework-win-MediaFoundation: 216162199b28c13a410421893ffa2e32 -> 
  custom:container-demuxer-ogg: 62fdf1f143b41e24485cea50d1cbac27 -> 
  custom:video-decoder-webm-vp8: 9c59270c3fd7afecdb556c50c9e8de78 -> 
  custom:audio-decoder-ogg-vorbis: bf7c407c2cedff20999df2af8eb42d56 -> 
